Warning[2058] C:\Users\hananavr\Downloads\Mlab\files\Shenkar\Final Project - Clock\main.c 244 : call of function without prototype
Warning[2054] C:\Users\hananavr\Downloads\Mlab\files\Shenkar\Final Project - Clock\main.c 442 : suspicious pointer conversion
Warning[2054] C:\Users\hananavr\Downloads\Mlab\files\Shenkar\Final Project - Clock\main.c 444 : suspicious pointer conversion
Warning[2054] C:\Users\hananavr\Downloads\Mlab\files\Shenkar\Final Project - Clock\main.c 445 : suspicious pointer conversion
Warning[2054] C:\Users\hananavr\Downloads\Mlab\files\Shenkar\Final Project - Clock\main.c 530 : suspicious pointer conversion
Warning[2054] C:\Users\hananavr\Downloads\Mlab\files\Shenkar\Final Project - Clock\main.c 532 : suspicious pointer conversion
Warning[2054] C:\Users\hananavr\Downloads\Mlab\files\Shenkar\Final Project - Clock\main.c 533 : suspicious pointer conversion
Warning[2058] C:\Users\hananavr\Downloads\Mlab\files\Shenkar\Final Project - Clock\main.c 550 : call of function without prototype
Warning[2054] C:\Users\hananavr\Downloads\Mlab\files\Shenkar\Final Project - Clock\main.c 627 : suspicious pointer conversion
Warning[2066] C:\Users\hananavr\Downloads\Mlab\files\Shenkar\Final Project - Clock\main.c 628 : type qualifier mismatch in assignment
Warning[2054] C:\Users\hananavr\Downloads\Mlab\files\Shenkar\Final Project - Clock\main.c 629 : suspicious pointer conversion
Warning[2054] C:\Users\hananavr\Downloads\Mlab\files\Shenkar\Final Project - Clock\main.c 635 : suspicious pointer conversion
Warning[2054] C:\Users\hananavr\Downloads\Mlab\files\Shenkar\Final Project - Clock\main.c 637 : suspicious pointer conversion
Warning[2054] C:\Users\hananavr\Downloads\Mlab\files\Shenkar\Final Project - Clock\main.c 904 : suspicious pointer conversion
Warning[2066] C:\Users\hananavr\Downloads\Mlab\files\Shenkar\Final Project - Clock\main.c 905 : type qualifier mismatch in assignment
Warning[2054] C:\Users\hananavr\Downloads\Mlab\files\Shenkar\Final Project - Clock\main.c 906 : suspicious pointer conversion
Warning[2054] C:\Users\hananavr\Downloads\Mlab\files\Shenkar\Final Project - Clock\main.c 1031 : suspicious pointer conversion
Warning[2054] C:\Users\hananavr\Downloads\Mlab\files\Shenkar\Final Project - Clock\main.c 1033 : suspicious pointer conversion
Warning[2054] C:\Users\hananavr\Downloads\Mlab\files\Shenkar\Final Project - Clock\main.c 1034 : suspicious pointer conversion
Warning[2058] C:\Users\hananavr\Downloads\Mlab\files\Shenkar\Final Project - Clock\main.c 1112 : call of function without prototype
Warning[2058] C:\Users\hananavr\Downloads\Mlab\files\Shenkar\Final Project - Clock\main.c 1116 : call of function without prototype
Warning[2058] C:\Users\hananavr\Downloads\Mlab\files\Shenkar\Final Project - Clock\main.c 1120 : call of function without prototype
Warning[2058] C:\Users\hananavr\Downloads\Mlab\files\Shenkar\Final Project - Clock\main.c 1124 : call of function without prototype
Warning[2058] C:\Users\hananavr\Downloads\Mlab\files\Shenkar\Final Project - Clock\main.c 1128 : call of function without prototype
Warning[2066] C:\Users\hananavr\Downloads\Mlab\files\Shenkar\Final Project - Clock\main.c 1143 : type qualifier mismatch in assignment
Warning[2054] C:\Users\hananavr\Downloads\Mlab\files\Shenkar\Final Project - Clock\main.c 1144 : suspicious pointer conversion
Warning[2054] C:\Users\hananavr\Downloads\Mlab\files\Shenkar\Final Project - Clock\main.c 1149 : suspicious pointer conversion
Warning[2054] C:\Users\hananavr\Downloads\Mlab\files\Shenkar\Final Project - Clock\main.c 1153 : suspicious pointer conversion
Warning[2058] C:\Users\hananavr\Downloads\Mlab\files\Shenkar\Final Project - Clock\main.c 1222 : call of function without prototype
Warning[2058] C:\Users\hananavr\Downloads\Mlab\files\Shenkar\Final Project - Clock\main.c 1252 : call of function without prototype
Warning[2058] C:\Users\hananavr\Downloads\Mlab\files\Shenkar\Final Project - Clock\main.c 1286 : call of function without prototype
Warning[2058] C:\Users\hananavr\Downloads\Mlab\files\Shenkar\Final Project - Clock\main.c 1303 : call of function without prototype
Warning[2066] C:\Users\hananavr\Downloads\Mlab\files\Shenkar\Final Project - Clock\main.c 1379 : type qualifier mismatch in assignment
Warning[2054] C:\Users\hananavr\Downloads\Mlab\files\Shenkar\Final Project - Clock\main.c 1380 : suspicious pointer conversion
Warning[2058] C:\Users\hananavr\Downloads\Mlab\files\Shenkar\Final Project - Clock\main.c 1454 : call of function without prototype
Warning[2054] C:\Users\hananavr\Downloads\Mlab\files\Shenkar\Final Project - Clock\main.c 1458 : suspicious pointer conversion
Warning[2054] C:\Users\hananavr\Downloads\Mlab\files\Shenkar\Final Project - Clock\main.c 1459 : suspicious pointer conversion
Warning[2054] C:\Users\hananavr\Downloads\Mlab\files\Shenkar\Final Project - Clock\main.c 1460 : suspicious pointer conversion
Warning[2054] C:\Users\hananavr\Downloads\Mlab\files\Shenkar\Final Project - Clock\main.c 1461 : suspicious pointer conversion
Warning[2054] C:\Users\hananavr\Downloads\Mlab\files\Shenkar\Final Project - Clock\main.c 1462 : suspicious pointer conversion
Warning[2058] C:\Users\hananavr\Downloads\Mlab\files\Shenkar\Final Project - Clock\main.c 1463 : call of function without prototype
Warning[2058] C:\Users\hananavr\Downloads\Mlab\files\Shenkar\Final Project - Clock\main.c 1465 : call of function without prototype
Warning[2058] C:\Users\hananavr\Downloads\Mlab\files\Shenkar\Final Project - Clock\main.c 1466 : call of function without prototype
Warning[2058] C:\Users\hananavr\Downloads\Mlab\files\Shenkar\Final Project - Clock\main.c 1546 : call of function without prototype
Warning[2058] C:\Users\hananavr\Downloads\Mlab\files\Shenkar\Final Project - Clock\main.c 1552 : call of function without prototype
Warning[2058] C:\Users\hananavr\Downloads\Mlab\files\Shenkar\Final Project - Clock\main.c 1564 : call of function without prototype
Warning[2058] C:\Users\hananavr\Downloads\Mlab\files\Shenkar\Final Project - Clock\main.c 1570 : call of function without prototype
Warning[2065] C:\Users\hananavr\Downloads\Mlab\files\Shenkar\Final Project - Clock\main.c 1578 : static function 'YourLowPriorityISRCode' never referenced
Warning[2065] C:\Users\hananavr\Downloads\Mlab\files\Shenkar\Final Project - Clock\main.c 1578 : static function 'YourHighPriorityISRCode' never referenced
Warning[2065] C:\Users\hananavr\Downloads\Mlab\files\Shenkar\Final Project - Clock\main.c 1578 : static function 'YourLowPriorityISRCode' never referenced
Warning[2065] C:\Users\hananavr\Downloads\Mlab\files\Shenkar\Final Project - Clock\main.c 1578 : static function 'YourHighPriorityISRCode' never referenced
Warning[2064] C:\Users\hananavr\Downloads\Mlab\files\Shenkar\Final Project - Clock\main.c 1578 : static function 'ProcessIO' not defined
